<?xml version="1.0" encoding="UTF-8"?>
<testsuite xmlns:xsi="http://www.w3.org/2001/XMLSchema-instance" xsi:noNamespaceSchemaLocation="https://maven.apache.org/surefire/maven-surefire-plugin/xsd/surefire-test-report-3.0.xsd" version="3.0" name="org.jrimum.domkee.financeiro.banco.febraban.TestAgencia" time="0.001" tests="6" errors="0" skipped="0" failures="0">
  <properties>
[...]
</properties>
  <testcase name="testCodigoMaiorQueCincoDigitos" classname="org.jrimum.domkee.financeiro.banco.febraban.TestAgencia" time="0.0"/>
  <testcase name="testCodigoMenorQueZero" classname="org.jrimum.domkee.financeiro.banco.febraban.TestAgencia" time="0.0"/>
  <testcase name="testDigitoCharVazio" classname="org.jrimum.domkee.financeiro.banco.febraban.TestAgencia" time="0.0"/>
  <testcase name="testValoresCorretos" classname="org.jrimum.domkee.financeiro.banco.febraban.TestAgencia" time="0.0"/>
  <testcase name="testDigitoCharDigitoInteiroNaoNatural" classname="org.jrimum.domkee.financeiro.banco.febraban.TestAgencia" time="0.0"/>
  <testcase name="testDigitoCharNaoLetra" classname="org.jrimum.domkee.financeiro.banco.febraban.TestAgencia" time="0.0"/>
</testsuite>