<?xml version="1.0" encoding="UTF-8"?>
<testsuite xmlns:xsi="http://www.w3.org/2001/XMLSchema-instance" xsi:noNamespaceSchemaLocation="https://maven.apache.org/surefire/maven-surefire-plugin/xsd/surefire-test-report-3.0.xsd" version="3.0" name="org.jrimum.domkee.financeiro.banco.ParametrosBancariosMapTest" time="0.032" tests="32" errors="0" skipped="0" failures="0">
  <properties>
[...]
</properties>
  <testcase name="deve_indicar_que__nao_contem_um_parametro_que_nao_estah_no_mapa" classname="org.jrimum.domkee.financeiro.banco.ParametrosBancariosMapTest" time="0.0"/>
  <testcase name="deve_retornar_os_nomes_contidos_no_map" classname="org.jrimum.domkee.financeiro.banco.ParametrosBancariosMapTest" time="0.012"/>
  <testcase name="deve_lancar_excecao_ao_tentar_adicionar_um_outro_objeto_parametro_bancario_map_null" classname="org.jrimum.domkee.financeiro.banco.ParametrosBancariosMapTest" time="0.0"/>
  <testcase name="deve_indicar_que_nao_tem_elementos_quando_o_map_passado_eh_nulo" classname="org.jrimum.domkee.financeiro.banco.ParametrosBancariosMapTest" time="0.0"/>
  <testcase name="deve_retornar_null_quando_o_valor_nao_existe_no_map" classname="org.jrimum.domkee.financeiro.banco.ParametrosBancariosMapTest" time="0.0"/>
  <testcase name="deve_indicar_o_oposto_que_eh_vazio_quando_nao_existem_parametros_no_map" classname="org.jrimum.domkee.financeiro.banco.ParametrosBancariosMapTest" time="0.0"/>
  <testcase name="deve_estar_vazio_na_instanciacao_sem_parametros" classname="org.jrimum.domkee.financeiro.banco.ParametrosBancariosMapTest" time="0.0"/>
  <testcase name="deve_indicar_que_nao_eh_vazio_quando_existem_parametros_no_map" classname="org.jrimum.domkee.financeiro.banco.ParametrosBancariosMapTest" time="0.0"/>
  <testcase name="deve_lancar_excessao_caso_os_parametros_sejam_nulos" classname="org.jrimum.domkee.financeiro.banco.ParametrosBancariosMapTest" time="0.0"/>
  <testcase name="deve_adicionar_todos_os_parametros_de_um_outro_objeto_parametro_bancario_map_corretamente" classname="org.jrimum.domkee.financeiro.banco.ParametrosBancariosMapTest" time="0.001"/>
  <testcase name="deve_lancar_excessao_caso_o_nome_do_parametro_seja_nulo" classname="org.jrimum.domkee.financeiro.banco.ParametrosBancariosMapTest" time="0.0"/>
  <testcase name="deve_adicionar_um_parametro_e_um_valor_corretamente" classname="org.jrimum.domkee.financeiro.banco.ParametrosBancariosMapTest" time="0.0"/>
  <testcase name="deve_retornar_o_numero_de_parametros_correto" classname="org.jrimum.domkee.financeiro.banco.ParametrosBancariosMapTest" time="0.0"/>
  <testcase name="deve_lancar_excessao_ao_adicionar_nome_nulo" classname="org.jrimum.domkee.financeiro.banco.ParametrosBancariosMapTest" time="0.0"/>
  <testcase name="deve_indicar_que__nao_contem_um_valor_que_nao_estah_no_mapa" classname="org.jrimum.domkee.financeiro.banco.ParametrosBancariosMapTest" time="0.001"/>
  <testcase name="deve_indicar_o_oposto_que_nao_eh_vazio_quando_existem_parametros_no_map" classname="org.jrimum.domkee.financeiro.banco.ParametrosBancariosMapTest" time="0.0"/>
  <testcase name="deve_indicar_que_contem_um_valor_que_estah_no_mapa" classname="org.jrimum.domkee.financeiro.banco.ParametrosBancariosMapTest" time="0.0"/>
  <testcase name="deve_indicar_que_contem_um_parametro_que_estah_no_mapa" classname="org.jrimum.domkee.financeiro.banco.ParametrosBancariosMapTest" time="0.0"/>
  <testcase name="deve_indicar_que_tem_elementos_quando_o_map_passado_tem_mais_de_um_elementos" classname="org.jrimum.domkee.financeiro.banco.ParametrosBancariosMapTest" time="0.001"/>
  <testcase name="deve_retornar_o_conjunto_de_entradas_do_map" classname="org.jrimum.domkee.financeiro.banco.ParametrosBancariosMapTest" time="0.0"/>
  <testcase name="deve_remover_o_parametro_do_map_corretamente" classname="org.jrimum.domkee.financeiro.banco.ParametrosBancariosMapTest" time="0.0"/>
  <testcase name="deve_indicar_que_nao_tem_elementos_quando_o_map_passado_eh_vazio" classname="org.jrimum.domkee.financeiro.banco.ParametrosBancariosMapTest" time="0.0"/>
  <testcase name="deve_retornar_os_valores_contidos_no_map" classname="org.jrimum.domkee.financeiro.banco.ParametrosBancariosMapTest" time="0.007"/>
  <testcase name="deve_lancar_excecao_ao_tentar_remover_parametro_null" classname="org.jrimum.domkee.financeiro.banco.ParametrosBancariosMapTest" time="0.0"/>
  <testcase name="deve_conter_um_parametro_na_instanciacao_com_parametros" classname="org.jrimum.domkee.financeiro.banco.ParametrosBancariosMapTest" time="0.001"/>
  <testcase name="deve_lancar_excessao_ao_adicionar_nome_e_valor_nulos" classname="org.jrimum.domkee.financeiro.banco.ParametrosBancariosMapTest" time="0.0"/>
  <testcase name="deve_remover_todos_os_parametros_do_map_corretamente" classname="org.jrimum.domkee.financeiro.banco.ParametrosBancariosMapTest" time="0.0"/>
  <testcase name="deve_lancar_excessao_ao_adicionar_valor_nulo" classname="org.jrimum.domkee.financeiro.banco.ParametrosBancariosMapTest" time="0.0"/>
  <testcase name="deve_indicar_que_tem_elementos_quando_o_map_passado_tem__apenas_um_elemento" classname="org.jrimum.domkee.financeiro.banco.ParametrosBancariosMapTest" time="0.001"/>
  <testcase name="deve_indicar_que_eh_vazio_quando_nao_existem_parametros_no_map" classname="org.jrimum.domkee.financeiro.banco.ParametrosBancariosMapTest" time="0.0"/>
  <testcase name="deve_retornar_um_valor_que_esteja_no_map" classname="org.jrimum.domkee.financeiro.banco.ParametrosBancariosMapTest" time="0.001"/>
  <testcase name="deve_lancar_excessao_caso_o_valor_do_parametro_seja_nulo" classname="org.jrimum.domkee.financeiro.banco.ParametrosBancariosMapTest" time="0.001"/>
</testsuite>